[debug] > Exec(early(addDefaultCommands), None, None)
[debug] > Exec(addDefaultCommands, None, None)
[debug] > Exec(early(initialize), None, None)
[debug] > Exec(initialize, None, None)
[debug] > Exec(early(addPluginSbtFile="""C:\Users\User\AppData\Local\Temp\idea1.sbt"""), None, None)
[debug] > Exec(addPluginSbtFile="""C:\Users\User\AppData\Local\Temp\idea1.sbt""", None, None)
[debug] > Exec(boot, None, None)
[debug] > Exec(writeSbtVersion, None, None)
[debug] > Exec(reload, None, None)
[debug] > Exec(sbtStashOnFailure, None, None)
[debug] > Exec(onFailure loadFailed, None, None)
[debug] > Exec(loadp, None, None)
[info] welcome to sbt 1.4.7 (AdoptOpenJDK Java 11.0.10)
[debug]       Load.loadUnit: plugins took 132.6555ms
[debug]       Load.loadUnit: defsScala took 0.5748ms
[debug] [Loading] Scanning directory C:\Users\User\.sbt\1.0\plugins
[debug] [Loading] Found non-root projects 
[debug] [Loading] Done in C:\Users\User\.sbt\1.0\plugins, returning: ()
[debug] deducing auto plugins based on known facts Set(Atom(sbt.plugins.CorePlugin)) and clauses Clauses(List(Clause(Atom(sbt.plugins.JvmPlugin),Set(Atom(sbt.plugins.IvyPlugin))), Clause(Atom(sbt.ScriptedPlugin),Set(Atom(sbt.plugins.JvmPlugin))), Clause(Atom(sbt.plugins.SbtPlugin),Set(Atom(sbt.ScriptedPlugin))), Clause(Atom(sbt.plugins.SemanticdbPlugin),Set(Atom(sbt.plugins.JvmPlugin))), Clause(Atom(sbt.plugins.JUnitXmlReportPlugin),Set(Atom(sbt.plugins.JvmPlugin))), Clause(Atom(sbt.plugins.MiniDependencyTreePlugin),Set(Atom(sbt.plugins.JvmPlugin))), Clause(Atom(sbt.plugins.CorePlugin),Set(Atom(sbt.plugins.IvyPlugin))), Clause(Atom(sbt.plugins.IvyPlugin),Set(Atom(sbt.plugins.JvmPlugin))), Clause(Atom(sbt.plugins.JvmPlugin),Set(Atom(sbt.plugins.SemanticdbPlugin))), Clause(Atom(sbt.plugins.JvmPlugin),Set(Atom(sbt.plugins.JUnitXmlReportPlugin))), Clause(Atom(sbt.plugins.CorePlugin),Set(Atom(sbt.plugins.Giter8TemplatePlugin))), Clause(Atom(sbt.plugins.JvmPlugin),Set(Atom(sbt.plugins.MiniDependencyTreePlugin)))))
[debug]   :: deduced result: Matched(sbt.plugins.CorePlugin,sbt.plugins.Giter8TemplatePlugin,sbt.plugins.IvyPlugin,sbt.plugins.JvmPlugin,sbt.plugins.MiniDependencyTreePlugin,sbt.plugins.JUnitXmlReportPlugin,sbt.plugins.SemanticdbPlugin)
[debug] Plugins.deducer#function took 21.29 ms
[debug]           Load.resolveProject(global-plugins) took 52.8538ms
[debug]         Load.loadTransitive: finalizeProject(Project(id global-plugins, base: C:\Users\User\.sbt\1.0\plugins, plugins: List(<none>))) took 104.5045ms
[debug] [Loading] Done in C:\Users\User\.sbt\1.0\plugins, returning: (global-plugins)
[debug]       Load.loadUnit: loadedProjectsRaw took 131.5603ms
[debug]       Load.loadUnit: cleanEvalClasses took 0.4711ms
[debug]     Load.loadUnit(file:/C:/Users/User/.sbt/1.0/plugins/, ...) took 280.0222ms
[debug]   Load.apply: load took 458.9037ms
[debug]   Load.apply: resolveProjects took 6.8304ms
[debug]   Load.apply: finalTransforms took 65.8266ms
[debug]   Load.apply: config.delegates took 10.8589ms
[debug]   Load.apply: Def.make(settings)... took 845.3564ms
[debug]   Load.apply: structureIndex took 117.1062ms
[debug]   Load.apply: mkStreams took 2.4766ms
[info] loading global plugins from C:\Users\User\.sbt\1.0\plugins
[debug] Running task... Cancel: Signal, check cycles: false, forcegc: true
[debug] Load.defaultLoad until apply took 4670.5205ms
[debug]           Load.loadUnit: plugins took 48.2996ms
[debug]           Load.loadUnit: defsScala took 0.0049ms
[debug] [Loading] Scanning directory C:\Users\User\Documents\hw_scala\week9\project
[debug]             Load.loadUnit: mkEval took 10.2315ms
[debug] [Loading] Found non-root projects 
[debug] [Loading] Done in C:\Users\User\Documents\hw_scala\week9\project, returning: ()
[debug] deducing auto plugins based on known facts Set(Atom(sbt.plugins.CorePlugin)) and clauses Clauses(List(Clause(Atom(sbt.plugins.JvmPlugin),Set(Atom(sbt.plugins.IvyPlugin))), Clause(Atom(sbt.ScriptedPlugin),Set(Atom(sbt.plugins.JvmPlugin))), Clause(Atom(sbt.plugins.SbtPlugin),Set(Atom(sbt.ScriptedPlugin))), Clause(Atom(sbt.plugins.SemanticdbPlugin),Set(Atom(sbt.plugins.JvmPlugin))), Clause(Atom(sbt.plugins.JUnitXmlReportPlugin),Set(Atom(sbt.plugins.JvmPlugin))), Clause(Atom(sbt.plugins.MiniDependencyTreePlugin),Set(Atom(sbt.plugins.JvmPlugin))), Clause(Atom(sbt.plugins.CorePlugin),Set(Atom(sbt.plugins.IvyPlugin))), Clause(Atom(sbt.plugins.IvyPlugin),Set(Atom(sbt.plugins.JvmPlugin))), Clause(Atom(sbt.plugins.JvmPlugin),Set(Atom(sbt.plugins.SemanticdbPlugin))), Clause(Atom(sbt.plugins.JvmPlugin),Set(Atom(sbt.plugins.JUnitXmlReportPlugin))), Clause(Atom(sbt.plugins.CorePlugin),Set(Atom(sbt.plugins.Giter8TemplatePlugin))), Clause(Atom(sbt.plugins.JvmPlugin),Set(Atom(sbt.plugins.MiniDependencyTreePlugin)))))
[debug]   :: deduced result: Matched(sbt.plugins.CorePlugin,sbt.plugins.Giter8TemplatePlugin,sbt.plugins.IvyPlugin,sbt.plugins.JvmPlugin,sbt.plugins.MiniDependencyTreePlugin,sbt.plugins.JUnitXmlReportPlugin,sbt.plugins.SemanticdbPlugin)
[debug] Plugins.deducer#function took 3.09 ms
[info] loading settings for project week9-build from idea1.sbt ...
[debug]               Load.resolveProject(week9-build) took 4.0423ms
[debug]             Load.loadTransitive: finalizeProject(Project(id week9-build, base: C:\Users\User\Documents\hw_scala\week9\project, plugins: List(<none>))) took 7.885ms
[debug] [Loading] Done in C:\Users\User\Documents\hw_scala\week9\project, returning: (week9-build)
[debug]           Load.loadUnit: loadedProjectsRaw took 5585.4083ms
[debug]           Load.loadUnit: cleanEvalClasses took 8.274ms
[debug]         Load.loadUnit(file:/C:/Users/User/Documents/hw_scala/week9/project/, ...) took 5644.1112ms
[debug]       Load.apply: load took 5646.6231ms
[debug]       Load.apply: resolveProjects took 0.1458ms
[debug]       Load.apply: finalTransforms took 16.7289ms
[debug]       Load.apply: config.delegates took 0.4542ms
[debug]       Load.apply: Def.make(settings)... took 97.3623ms
[debug]       Load.apply: structureIndex took 55.6107ms
[debug]       Load.apply: mkStreams took 0.0038ms
[info] loading project definition from C:\Users\User\Documents\hw_scala\week9\project
[debug] Running task... Cancel: Signal, check cycles: false, forcegc: true
[debug]     Load.loadUnit: plugins took 7411.1023ms
[debug]     Load.loadUnit: defsScala took 0.0165ms
[debug] [Loading] Scanning directory C:\Users\User\Documents\hw_scala\week9
[debug]       Load.loadUnit: mkEval took 0.5362ms
[debug] [Loading] Found non-root projects 
[debug] [Loading] Done in C:\Users\User\Documents\hw_scala\week9, returning: ()
[debug] deducing auto plugins based on known facts Set(Atom(sbt.plugins.CorePlugin)) and clauses Clauses(List(Clause(Atom(sbt.plugins.JvmPlugin),Set(Atom(sbt.plugins.IvyPlugin))), Clause(Atom(sbt.ScriptedPlugin),Set(Atom(sbt.plugins.JvmPlugin))), Clause(Atom(sbt.plugins.SbtPlugin),Set(Atom(sbt.ScriptedPlugin))), Clause(Atom(sbt.plugins.SemanticdbPlugin),Set(Atom(sbt.plugins.JvmPlugin))), Clause(Atom(sbt.plugins.JUnitXmlReportPlugin),Set(Atom(sbt.plugins.JvmPlugin))), Clause(Atom(sbt.plugins.MiniDependencyTreePlugin),Set(Atom(sbt.plugins.JvmPlugin))), Clause(Atom(org.jetbrains.sbt.StructurePlugin),Set(Atom(sbt.plugins.JvmPlugin))), Clause(Atom(org.jetbrains.sbt.IdeaShellPlugin),Set(Atom(sbt.plugins.JvmPlugin))), Clause(Atom(org.jetbrains.sbt.indices.SbtIntellijIndicesPlugin),Set(Atom(sbt.plugins.JvmPlugin))), Clause(Atom(sbt.plugins.CorePlugin),Set(Atom(sbt.plugins.IvyPlugin))), Clause(Atom(sbt.plugins.IvyPlugin),Set(Atom(sbt.plugins.JvmPlugin))), Clause(Atom(sbt.plugins.JvmPlugin),Set(Atom(sbt.plugins.SemanticdbPlugin))), Clause(Atom(sbt.plugins.JvmPlugin),Set(Atom(sbt.plugins.JUnitXmlReportPlugin))), Clause(Atom(sbt.plugins.CorePlugin),Set(Atom(sbt.plugins.Giter8TemplatePlugin))), Clause(Atom(sbt.plugins.JvmPlugin),Set(Atom(sbt.plugins.MiniDependencyTreePlugin))), Clause(Atom(sbt.plugins.JvmPlugin),Set(Atom(org.jetbrains.sbt.StructurePlugin))), Clause(Atom(sbt.plugins.JvmPlugin),Set(Atom(org.jetbrains.sbt.IdeaShellPlugin))), Clause(And(Set(Atom(sbt.plugins.CorePlugin), Atom(sbt.plugins.JvmPlugin))),Set(Atom(org.jetbrains.sbt.indices.SbtIntellijIndicesPlugin)))))
[debug]   :: deduced result: Matched(sbt.plugins.CorePlugin,sbt.plugins.Giter8TemplatePlugin,sbt.plugins.IvyPlugin,sbt.plugins.JvmPlugin,sbt.plugins.SemanticdbPlugin,org.jetbrains.sbt.indices.SbtIntellijIndicesPlugin,sbt.plugins.JUnitXmlReportPlugin,org.jetbrains.sbt.IdeaShellPlugin,org.jetbrains.sbt.StructurePlugin,sbt.plugins.MiniDependencyTreePlugin)
[debug] Plugins.deducer#function took 1.8781 ms
[info] loading settings for project week9 from build.sbt ...
[debug]         Load.resolveProject(week9) took 36.1742ms
[debug]       Load.loadTransitive: finalizeProject(Project(id week9, base: C:\Users\User\Documents\hw_scala\week9, plugins: List(<none>))) took 40.1603ms
[debug] [Loading] Done in C:\Users\User\Documents\hw_scala\week9, returning: (week9)
[debug]     Load.loadUnit: loadedProjectsRaw took 1880.2683ms
[debug]     Load.loadUnit: cleanEvalClasses took 21.207ms
[debug]   Load.loadUnit(file:/C:/Users/User/Documents/hw_scala/week9/, ...) took 9314.2726ms
[debug] Load.apply: load took 9316.9125ms
[debug] Load.apply: resolveProjects took 0.1667ms
[debug] Load.apply: finalTransforms took 31.3842ms
[debug] Load.apply: config.delegates took 0.306ms
[debug] Load.apply: Def.make(settings)... took 85.8394ms
[debug] Load.apply: structureIndex took 26.2044ms
[debug] Load.apply: mkStreams took 0.007ms
[info] set current project to week9 (in build file:/C:/Users/User/Documents/hw_scala/week9/)
[debug] > Exec(sbtPopOnFailure, None, None)
[debug] > Exec(resumeFromFailure, None, None)
[debug] > Exec(notifyUsersAboutShell, None, None)
[debug] > Exec(iflast shell, None, None)
[debug] > Exec(; set ideaPort in Global := 64941 ; idea-shell, None, None)
[debug] > Exec(set ideaPort in Global := 64941, None, None)
[info] Defining Global / ideaPort
[info] The new value will be used by Compile / compile, Test / compile
[debug] Defining 
[debug] 	Global / ideaPort
[debug] 
[debug] The new value will be used by 
[debug] 	Compile / compile
[debug] 	Test / compile
[info] Reapplying settings...
[info] set current project to week9 (in build file:/C:/Users/User/Documents/hw_scala/week9/)
[debug] > Exec(idea-shell, None, None)
